1525784215982	geckodriver	INFO	Listening on 127.0.0.1:49247
1525784216499	mozprofile::profile	INFO	Using profile path C:\Users\luyuhao\AppData\Local\Temp\rust_mozprofile.fpkr0DnzYKp3
1525784216501	geckodriver::marionette	INFO	Starting browser D:\Firefox\firefox.exe with args []
1525784216504	geckodriver::marionette	INFO	Connecting to Marionette on localhost:49252
1525784217012	Marionette	INFO	Enabled via --marionette
1525784218472	Marionette	INFO	Listening on port 49252
Unable to read VR Path Registry from C:\Users\luyuhao\AppData\Local\openvr\openvrpaths.vrpath
[Child 5320, Chrome_ChildThread] WARNING: pipe error: 109: file z:/build/build/src/ipc/chromium/src/chrome/common/ipc_channel_win.cc, line 346
n", "idle", "notifications"], be one of ["bookmarks"], be one of ["find"], be one of ["history"], be one of ["activeTab", "tabs", "tabHide"], be one of ["browserSettings"], be one of ["cookies"], be one of ["topSites"], be one of ["webNavigation"], or be one of ["webRequest", "webRequestBlocking"]], be one of ["alarms", "mozillaAddons", "storage", "unlimitedStorage"], be one of ["browsingData"], be one of ["devtools"], be one of ["identity"], be one of ["menus", "contextMenus"], be one of ["pkcs11"], be one of ["geckoProfiler"], be one of ["sessions"], be one of ["contextualIdentities"], be one of ["downloads", "downloads.open"], be one of ["management"], be one of ["privacy"], be one of ["proxy"], be one of ["nativeMessaging"], be one of ["theme"], or match the pattern /^experiments(\.\w+)+$/], or must either [be one of ["<all_urls>"], or must either [match the pattern /^(https?|wss?|file|ftp|\*):\/\/(\*|\*\.[^*/]+|[^*/]+)\/.*$/, or match the pattern /^file:\/\/\/.*$/]]
1525769188098	addons.webextension.<unknown>	WARN	Loading extension 'null': Reading manifest: Error processing options_page: An unexpected property was found in the WebExtension manifest.
1525769188098	addons.webextension.<unknown>	WARN	Loading extension 'null': Reading manifest: Error processing offline_enabled: An unexpected property was found in the WebExtension manifest.
1525769194856	addons.xpi	WARN	Failed to remove temporary file C:\Users\luyuhao\AppData\Local\Temp\tmp-mq5.xpi for addon https://addons.mozilla.org/firefox/downloads/file/948378/katalon_recorder_selenium_ide_for_firefox_55-3.5.5-an+fx-windows.xpi?src=search: [Exception... "Component returned failure code: 0x80520015 (NS_ERROR_FILE_ACCESS_DENIED) [nsIFile.remove]"  nsresult: "0x80520015 (NS_ERROR_FILE_ACCESS_DENIED)"  location: "JS frame :: resource://gre/modules/addons/XPIInstall.jsm :: removeTemporaryFile :: line 1556"  data: no] Stack trace: removeTemporaryFile()@resource://gre/modules/addons/XPIInstall.jsm:1556 < startInstall/<()@resource://gre/modules/addons/XPIInstall.jsm:1911
1525769194880	addons.webextension.{91f05833-bab1-4fb1-b9e4-187091a4d75d}	WARN	Loading extension '{91f05833-bab1-4fb1-b9e4-187091a4d75d}': Reading manifest: Error processing permissions.12: Value "debugger" must either: must either [must either [be one of ["clipboardRead", "clipboardWrite", "geolocation", "idle", "notifications"], be one of ["bookmarks"], be one of ["find"], be one of ["history"], be one of ["activeTab", "tabs", "tabHide"], be one of ["browserSettings"], be one of ["cookies"], be one of ["topSites"], be one of ["webNavigation"], or be one of ["webRequest", "webRequestBlocking"]], be one of ["alarms", "mozillaAddons", "storage", "unlimitedStorage"], be one of ["browsingData"], be one of ["devtools"], be one of ["identity"], be one of ["menus", "contextMenus"], be one of ["pkcs11"], be one of ["geckoProfiler"], be one of ["sessions"], be one of ["contextualIdentities"], be one of ["downloads", "downloads.open"], be one of ["management"], be one of ["privacy"], be one of ["proxy"], be one of ["nativeMessaging"], be one of ["theme"], or match the pattern /^experiments(\.\w+)+$/], or must either [be one of ["<all_urls>"], or must either [match the pattern /^(https?|wss?|file|ftp|\*):\/\/(\*|\*\.[^*/]+|[^*/]+)\/.*$/, or match the pattern /^file:\/\/\/.*$/]]
1525769194882	addons.webextension.{91f05833-bab1-4fb1-b9e4-187091a4d75d}	WARN	Loading extension '{91f05833-bab1-4fb1-b9e4-187091a4d75d}': Reading manifest: Error processing options_page: An unexpected property was found in the WebExtension manifest.
1525769194882	addons.webextension.{91f05833-bab1-4fb1-b9e4-187091a4d75d}	WARN	Loading extension '{91f05833-bab1-4fb1-b9e4-187091a4d75d}': Reading manifest: Error processing offline_enabled: An unexpected property was found in the WebExtension manifest.
1525769194916	addons.webextension.{91f05833-bab1-4fb1-b9e4-187091a4d75d}	WARN	Please specify whether you want browser_style or not in your browser_action options.
Unable to read VR Path Registry from C:\Users\luyuhao\AppData\Local\openvr\openvrpaths.vrpath
JavaScript error: moz-extension://25666d08-17e4-48bd-8dc6-b7f06c01497f/katalon/background.js, line 16: TypeError: chrome.tabs.onSelectionChanged is undefined
Unable to read VR Path Registry from C:\Users\luyuhao\AppData\Local\openvr\openvrpaths.vrpath
JavaScript error: moz-extension://25666d08-17e4-48bd-8dc6-b7f06c01497f/content/jquery.simulate.js, line 331: ReferenceError: jQuery is not defined
JavaScript error: moz-extension://25666d08-17e4-48bd-8dc6-b7f06c01497f/content/jquery.simulate.js, line 331: ReferenceError: jQuery is not defined
JavaScript error: moz-extension://25666d08-17e4-48bd-8dc6-b7f06c01497f/content/jquery.simulate.js, line 331: ReferenceError: jQuery is not defined
Extension error: TypeError: response is undefined moz-extension://25666d08-17e4-48bd-8dc6-b7f06c01497f/katalon/main.js 38
[[Exception stack
@moz-extension://25666d08-17e4-48bd-8dc6-b7f06c01497f/katalon/main.js:38:5
Current stack
applySafeWithoutClone@resource://gre/modules/ExtensionCommon.jsm:303:133
wrapPromise/<@resource://gre/modules/ExtensionCommon.jsm:474:13
]]
JavaScript warning: moz-extension://25666d08-17e4-48bd-8dc6-b7f06c01497f/content/selenium-api.js, line 3181: unreachable code after return statement
Extension error: TypeError: response is undefined moz-extension://25666d08-17e4-48bd-8dc6-b7f06c01497f/katalon/main.js 38
[[Exception stack
@moz-extension://25666d08-17e4-48bd-8dc6-b7f06c01497f/katalon/main.js:38:5
Current stack
applySafeWithoutClone@resource://gre/modules/ExtensionCommon.jsm:303:133
wrapPromise/<@resource://gre/modules/ExtensionCommon.jsm:474:13
]]
Extension error: TypeError: response is undefined moz-extension://25666d08-17e4-48bd-8dc6-b7f06c01497f/katalon/main.js 38
[[Exception stack
@moz-extension://25666d08-17e4-48bd-8dc6-b7f06c01497f/katalon/main.js:38:5
Current stack
applySafeWithoutClone@resource://gre/modules/ExtensionCommon.jsm:303:133
wrapPromise/<@resource://gre/modules/ExtensionCommon.jsm:474:13
]]
JavaScript warning: moz-extension://25666d08-17e4-48bd-8dc6-b7f06c01497f/content/utils.js, line 6219: unreachable code after return statement
Unable to read VR Path Registry from C:\Users\luyuhao\AppData\Local\openvr\openvrpaths.vrpath
JavaScript warning: moz-extension://25666d08-17e4-48bd-8dc6-b7f06c01497f/content/selenium-api.js, line 3181: unreachable code after return statement
JavaScript warning: moz-extension://25666d08-17e4-48bd-8dc6-b7f06c01497f/content/utils.js, line 6219: unreachable code after return statement
JavaScript error: https://www.katalon.com/wp-includes/js/wp-emoji-release.min.js?ver=4.7.5, line 4: TypeError: Argument 1 of MutationObserver.observe is not an object.
Unable to read VR Path Registry from C:\Users\luyuhao\AppData\Local\openvr\openvrpaths.vrpath
[Parent 15372, Gecko_IOThread] WARNING: pipe error: 109: file z:/build/build/src/ipc/chromium/src/chrome/common/ipc_channel_win.cc, line 346
[Child 12572, Chrome_ChildThread] WARNING: pipe error: 109: file z:/build/build/src/ipc/chromium/src/chrome/common/ipc_channel_win.cc, line 346
[Child 12572, Chrome_ChildThread] WARNING: pipe error: 109: file z:/build/build/src/ipc/chromium/src/chrome/common/ipc_channel_win.cc, line 346
Unable to read VR Path Registry from C:\Users\luyuhao\AppData\Local\openvr\openvrpaths.vrpath
[Child 14540, Chrome_ChildThread] WARNING: pipe error: 109: file z:/build/build/src/ipc/chromium/src/chrome/common/ipc_channel_win.cc, line 346
JavaScript error: chrome://browser/content/tabbrowser.xml, line 2473: TypeError: cannot use 'in' operator to search for 'canGoBack' in 'browser'
JavaScript error: chrome://browser/content/ext-windows.js, line 19: NS_ERROR_NOT_INITIALIZED: Component returned failure code: 0xc1f30001 (NS_ERROR_NOT_INITIALIZED) [nsIMessageSender.sendAsyncMessage]
Unable to read VR Path Registry from C:\Users\luyuhao\AppData\Local\openvr\openvrpaths.vrpath
JavaScript error: resource://gre/modules/ExtensionContent.jsm, line 483: TypeError: Argument 1 of PrecompiledScript.executeInGlobal is not an object.
JavaScript error: resource://gre/modules/ExtensionContent.jsm, line 483: TypeError: Argument 1 of PrecompiledScript.executeInGlobal is not an object.
JavaScript warning: moz-extension://25666d08-17e4-48bd-8dc6-b7f06c01497f/content/selenium-api.js, line 3181: unreachable code after return statement
JavaScript warning: moz-extension://25666d08-17e4-48bd-8dc6-b7f06c01497f/content/utils.js, line 6219: unreachable code after return statement
JavaScript error: resource://gre/modules/ExtensionContent.jsm, line 483: TypeError: Argument 1 of PrecompiledScript.executeInGlobal is not an object.
JavaScript warning: moz-extension://25666d08-17e4-48bd-8dc6-b7f06c01497f/content/utils.js, line 6219: unreachable code after return statement
JavaScript warning: moz-extension://25666d08-17e4-48bd-8dc6-b7f06c01497f/content/selenium-api.js, line 3181: unreachable code after return statement
JavaScript error: chrome://browser/content/tabbrowser.xml, line 2473: TypeError: cannot use 'in' operator to search for 'canGoBack' in 'browser'
JavaScript error: chrome://browser/content/ext-windows.js, line 19: NS_ERROR_NOT_INITIALIZED: Component returned failure code: 0xc1f30001 (NS_ERROR_NOT_INITIALIZED) [nsIMessageSender.sendAsyncMessage]
JavaScript warning: moz-extension://25666d08-17e4-48bd-8dc6-b7f06c01497f/content/utils.js, line 6219: unreachable code after return statement
JavaScript warning: moz-extension://25666d08-17e4-48bd-8dc6-b7f06c01497f/content/selenium-api.js, line 3181: unreachable code after return statement
Extension error: TypeError: response is undefined moz-extension://25666d08-17e4-48bd-8dc6-b7f06c01497f/katalon/main.js 38
[[Exception stack
@moz-extension://25666d08-17e4-48bd-8dc6-b7f06c01497f/katalon/main.js:38:5
Current stack
applySafeWithoutClone@resource://gre/modules/ExtensionCommon.jsm:303:133
wrapPromise/<@resource://gre/modules/ExtensionCommon.jsm:474:13
]]
Extension error: TypeError: response is undefined moz-extension://25666d08-17e4-48bd-8dc6-b7f06c01497f/katalon/main.js 38
[[Exception stack
@moz-extension://25666d08-17e4-48bd-8dc6-b7f06c01497f/katalon/main.js:38:5
Current stack
applySafeWithoutClone@resource://gre/modules/ExtensionCommon.jsm:303:133
wrapPromise/<@resource://gre/modules/ExtensionCommon.jsm:474:13
]]
Extension error: TypeError: response is undefined moz-extension://25666d08-17e4-48bd-8dc6-b7f06c01497f/katalon/main.js 38
[[Exception stack
@moz-extension://25666d08-17e4-48bd-8dc6-b7f06c01497f/katalon/main.js:38:5
Current stack
applySafeWithoutClone@resource://gre/modules/ExtensionCommon.jsm:303:133
wrapPromise/<@resource://gre/modules/ExtensionCommon.jsm:474:13
]]
Extension error: TypeError: response is undefined moz-extension://25666d08-17e4-48bd-8dc6-b7f06c01497f/katalon/main.js 38
[[Exception stack
@moz-extension://25666d08-17e4-48bd-8dc6-b7f06c01497f/katalon/main.js:38:5
Current stack
applySafeWithoutClone@resource://gre/modules/ExtensionCommon.jsm:303:133
wrapPromise/<@resource://gre/modules/ExtensionCommon.jsm:474:13
]]
Extension error: TypeError: response is undefined moz-extension://25666d08-17e4-48bd-8dc6-b7f06c01497f/katalon/main.js 38
[[Exception stack
@moz-extension://25666d08-17e4-48bd-8dc6-b7f06c01497f/katalon/main.js:38:5
Current stack
applySafeWithoutClone@resource://gre/modules/ExtensionCommon.jsm:303:133
wrapPromise/<@resource://gre/modules/ExtensionCommon.jsm:474:13
]]
Extension error: TypeError: response is undefined moz-extension://25666d08-17e4-48bd-8dc6-b7f06c01497f/katalon/main.js 38
[[Exception stack
@moz-extension://25666d08-17e4-48bd-8dc6-b7f06c01497f/katalon/main.js:38:5
Current stack
applySafeWithoutClone@resource://gre/modules/ExtensionCommon.jsm:303:133
wrapPromise/<@resource://gre/modules/ExtensionCommon.jsm:474:13
]]
Extension error: TypeError: response is undefined moz-extension://25666d08-17e4-48bd-8dc6-b7f06c01497f/katalon/main.js 38
[[Exception stack
@moz-extension://25666d08-17e4-48bd-8dc6-b7f06c01497f/katalon/main.js:38:5
Current stack
applySafeWithoutClone@resource://gre/modules/ExtensionCommon.jsm:303:133
wrapPromise/<@resource://gre/modules/ExtensionCommon.jsm:474:13
]]
Extension error: TypeError: response is undefined moz-extension://25666d08-17e4-48bd-8dc6-b7f06c01497f/katalon/main.js 38
[[Exception stack
@moz-extension://25666d08-17e4-48bd-8dc6-b7f06c01497f/katalon/main.js:38:5
Current stack
applySafeWithoutClone@resource://gre/modules/ExtensionCommon.jsm:303:133
wrapPromise/<@resource://gre/modules/ExtensionCommon.jsm:474:13
]]
Extension error: TypeError: response is undefined moz-extension://25666d08-17e4-48bd-8dc6-b7f06c01497f/katalon/main.js 38
[[Exception stack
@moz-extension://25666d08-17e4-48bd-8dc6-b7f06c01497f/katalon/main.js:38:5
Current stack
applySafeWithoutClone@resource://gre/modules/ExtensionCommon.jsm:303:133
wrapPromise/<@resource://gre/modules/ExtensionCommon.jsm:474:13
]]
Extension error: TypeError: response is undefined moz-extension://25666d08-17e4-48bd-8dc6-b7f06c01497f/katalon/main.js 38
[[Exception stack
@moz-extension://25666d08-17e4-48bd-8dc6-b7f06c01497f/katalon/main.js:38:5
Current stack
applySafeWithoutClone@resource://gre/modules/ExtensionCommon.jsm:303:133
wrapPromise/<@resource://gre/modules/ExtensionCommon.jsm:474:13
]]
Extension error: TypeError: response is undefined moz-extension://25666d08-17e4-48bd-8dc6-b7f06c01497f/katalon/main.js 38
[[Exception stack
@moz-extension://25666d08-17e4-48bd-8dc6-b7f06c01497f/katalon/main.js:38:5
Current stack
applySafeWithoutClone@resource://gre/modules/ExtensionCommon.jsm:303:133
wrapPromise/<@resource://gre/modules/ExtensionCommon.jsm:474:13
]]
Extension error: TypeError: response is undefined moz-extension://25666d08-17e4-48bd-8dc6-b7f06c01497f/katalon/main.js 38
[[Exception stack
@moz-extension://25666d08-17e4-48bd-8dc6-b7f06c01497f/katalon/main.js:38:5
Current stack
applySafeWithoutClone@resource://gre/modules/ExtensionCommon.jsm:303:133
wrapPromise/<@resource://gre/modules/ExtensionCommon.jsm:474:13
]]
Extension error: TypeError: response is undefined moz-extension://25666d08-17e4-48bd-8dc6-b7f06c01497f/katalon/main.js 38
[[Exception stack
@moz-extension://25666d08-17e4-48bd-8dc6-b7f06c01497f/katalon/main.js:38:5
Current stack
applySafeWithoutClone@resource://gre/modules/ExtensionCommon.jsm:303:133
wrapPromise/<@resource://gre/modules/ExtensionCommon.jsm:474:13
]]
Extension error: TypeError: response is undefined moz-extension://25666d08-17e4-48bd-8dc6-b7f06c01497f/katalon/main.js 38
[[Exception stack
@moz-extension://25666d08-17e4-48bd-8dc6-b7f06c01497f/katalon/main.js:38:5
Current stack
applySafeWithoutClone@resource://gre/modules/ExtensionCommon.jsm:303:133
wrapPromise/<@resource://gre/modules/ExtensionCommon.jsm:474:13
]]
Extension error: TypeError: response is undefined moz-extension://25666d08-17e4-48bd-8dc6-b7f06c01497f/katalon/main.js 38
[[Exception stack
@moz-extension://25666d08-17e4-48bd-8dc6-b7f06c01497f/katalon/main.js:38:5
Current stack
applySafeWithoutClone@resource://gre/modules/ExtensionCommon.jsm:303:133
wrapPromise/<@resource://gre/modules/ExtensionCommon.jsm:474:13
]]
Extension error: TypeError: response is undefined moz-extension://25666d08-17e4-48bd-8dc6-b7f06c01497f/katalon/main.js 38
[[Exception stack
@moz-extension://25666d08-17e4-48bd-8dc6-b7f06c01497f/katalon/main.js:38:5
Current stack
applySafeWithoutClone@resource://gre/modules/ExtensionCommon.jsm:303:133
wrapPromise/<@resource://gre/modules/ExtensionCommon.jsm:474:13
]]
Extension error: TypeError: response is undefined moz-extension://25666d08-17e4-48bd-8dc6-b7f06c01497f/katalon/main.js 38
[[Exception stack
@moz-extension://25666d08-17e4-48bd-8dc6-b7f06c01497f/katalon/main.js:38:5
Current stack
applySafeWithoutClone@resource://gre/modules/ExtensionCommon.jsm:303:133
wrapPromise/<@resource://gre/modules/ExtensionCommon.jsm:474:13
]]
Extension error: TypeError: response is undefined moz-extension://25666d08-17e4-48bd-8dc6-b7f06c01497f/katalon/main.js 38
[[Exception stack
@moz-extension://25666d08-17e4-48bd-8dc6-b7f06c01497f/katalon/main.js:38:5
Current stack
applySafeWithoutClone@resource://gre/modules/ExtensionCommon.jsm:303:133
wrapPromise/<@resource://gre/modules/ExtensionCommon.jsm:474:13
]]
JavaScript error: moz-extension://25666d08-17e4-48bd-8dc6-b7f06c01497f/panel/js/lib/jquery.tablesorter.min.js, line 3: TypeError: table.config.parsers is undefined
JavaScript error: moz-extension://25666d08-17e4-48bd-8dc6-b7f06c01497f/panel/js/lib/jquery.tablesorter.min.js, line 3: TypeError: table.config.parsers is undefined
JavaScript error: moz-extension://25666d08-17e4-48bd-8dc6-b7f06c01497f/panel/js/lib/jquery.tablesorter.min.js, line 3: TypeError: table.config.parsers is undefined
JavaScript error: moz-extension://25666d08-17e4-48bd-8dc6-b7f06c01497f/panel/js/lib/jquery.tablesorter.min.js, line 3: TypeError: table.config.parsers is undefined
JavaScript error: moz-extension://25666d08-17e4-48bd-8dc6-b7f06c01497f/panel/js/lib/jquery.tablesorter.min.js, line 3: TypeError: table.config.parsers is undefined
JavaScript error: moz-extension://25666d08-17e4-48bd-8dc6-b7f06c01497f/panel/js/lib/jquery.tablesorter.min.js, line 3: TypeError: table.config.parsers is undefined
1525769373768	addons.productaddons	WARN	Failed downloading via XHR, status: 0, reason: error
Extension error: TypeError: response is undefined moz-extension://25666d08-17e4-48bd-8dc6-b7f06c01497f/katalon/main.js 38
[[Exception stack
@moz-extension://25666d08-17e4-48bd-8dc6-b7f06c01497f/katalon/main.js:38:5
Current stack
applySafeWithoutClone@resource://gre/modules/ExtensionCommon.jsm:303:133
wrapPromise/<@resource://gre/modules/ExtensionCommon.jsm:474:13
]]
Extension error: TypeError: response is undefined moz-extension://25666d08-17e4-48bd-8dc6-b7f06c01497f/katalon/main.js 38
[[Exception stack
@moz-extension://25666d08-17e4-48bd-8dc6-b7f06c01497f/katalon/main.js:38:5
Current stack
applySafeWithoutClone@resource://gre/modules/ExtensionCommon.jsm:303:133
wrapPromise/<@resource://gre/modules/ExtensionCommon.jsm:474:13
]]
Extension error: TypeError: response is undefined moz-extension://25666d08-17e4-48bd-8dc6-b7f06c01497f/katalon/main.js 38
[[Exception stack
@moz-extension://25666d08-17e4-48bd-8dc6-b7f06c01497f/katalon/main.js:38:5
Current stack
applySafeWithoutClone@resource://gre/modules/ExtensionCommon.jsm:303:133
wrapPromise/<@resource://gre/modules/ExtensionCommon.jsm:474:13
]]
Extension error: TypeError: response is undefined moz-extension://25666d08-17e4-48bd-8dc6-b7f06c01497f/katalon/main.js 38
[[Exception stack
@moz-extension://25666d08-17e4-48bd-8dc6-b7f06c01497f/katalon/main.js:38:5
Current stack
applySafeWithoutClone@resource://gre/modules/ExtensionCommon.jsm:303:133
wrapPromise/<@resource://gre/modules/ExtensionCommon.jsm:474:13
]]
Extension error: TypeError: response is undefined moz-extension://25666d08-17e4-48bd-8dc6-b7f06c01497f/katalon/main.js 38
[[Exception stack
@moz-extension://25666d08-17e4-48bd-8dc6-b7f06c01497f/katalon/main.js:38:5
Current stack
applySafeWithoutClone@resource://gre/modules/ExtensionCommon.jsm:303:133
wrapPromise/<@resource://gre/modules/ExtensionCommon.jsm:474:13
]]
Extension error: TypeError: response is undefined moz-extension://25666d08-17e4-48bd-8dc6-b7f06c01497f/katalon/main.js 38
[[Exception stack
@moz-extension://25666d08-17e4-48bd-8dc6-b7f06c01497f/katalon/main.js:38:5
Current stack
applySafeWithoutClone@resource://gre/modules/ExtensionCommon.jsm:303:133
wrapPromise/<@resource://gre/modules/ExtensionCommon.jsm:474:13
]]
Extension error: TypeError: response is undefined moz-extension://25666d08-17e4-48bd-8dc6-b7f06c01497f/katalon/main.js 38
[[Exception stack
@moz-extension://25666d08-17e4-48bd-8dc6-b7f06c01497f/katalon/main.js:38:5
Current stack
applySafeWithoutClone@resource://gre/modules/ExtensionCommon.jsm:303:133
wrapPromise/<@resource://gre/modules/ExtensionCommon.jsm:474:13
]]
Extension error: TypeError: response is undefined moz-extension://25666d08-17e4-48bd-8dc6-b7f06c01497f/katalon/main.js 38
[[Exception stack
@moz-extension://25666d08-17e4-48bd-8dc6-b7f06c01497f/katalon/main.js:38:5
Current stack
applySafeWithoutClone@resource://gre/modules/ExtensionCommon.jsm:303:133
wrapPromise/<@resource://gre/modules/ExtensionCommon.jsm:474:13
]]
Extension error: TypeError: response is undefined moz-extension://25666d08-17e4-48bd-8dc6-b7f06c01497f/katalon/main.js 38
[[Exception stack
@moz-extension://25666d08-17e4-48bd-8dc6-b7f06c01497f/katalon/main.js:38:5
Current stack
applySafeWithoutClone@resource://gre/modules/ExtensionCommon.jsm:303:133
wrapPromise/<@resource://gre/modules/ExtensionCommon.jsm:474:13
]]
Extension error: TypeError: response is undefined moz-extension://25666d08-17e4-48bd-8dc6-b7f06c01497f/katalon/main.js 38
[[Exception stack
@moz-extension://25666d08-17e4-48bd-8dc6-b7f06c01497f/katalon/main.js:38:5
Current stack
applySafeWithoutClone@resource://gre/modules/ExtensionCommon.jsm:303:133
wrapPromise/<@resource://gre/modules/ExtensionCommon.jsm:474:13
]]
Extension error: TypeError: response is undefined moz-extension://25666d08-17e4-48bd-8dc6-b7f06c01497f/katalon/main.js 38
[[Exception stack
@moz-extension://25666d08-17e4-48bd-8dc6-b7f06c01497f/katalon/main.js:38:5
Current stack
applySafeWithoutClone@resource://gre/modules/ExtensionCommon.jsm:303:133
wrapPromise/<@resource://gre/modules/ExtensionCommon.jsm:474:13
]]
Extension error: TypeError: response is undefined moz-extension://25666d08-17e4-48bd-8dc6-b7f06c01497f/katalon/main.js 38
[[Exception stack
@moz-extension://25666d08-17e4-48bd-8dc6-b7f06c01497f/katalon/main.js:38:5
Current stack
applySafeWithoutClone@resource://gre/modules/ExtensionCommon.jsm:303:133
wrapPromise/<@resource://gre/modules/ExtensionCommon.jsm:474:13
]]
Extension error: TypeError: response is undefined moz-extension://25666d08-17e4-48bd-8dc6-b7f06c01497f/katalon/main.js 38
[[Exception stack
@moz-extension://25666d08-17e4-48bd-8dc6-b7f06c01497f/katalon/main.js:38:5
Current stack
applySafeWithoutClone@resource://gre/modules/ExtensionCommon.jsm:303:133
wrapPromise/<@resource://gre/modules/ExtensionCommon.jsm:474:13
]]
Extension error: TypeError: response is undefined moz-extension://25666d08-17e4-48bd-8dc6-b7f06c01497f/katalon/main.js 38
[[Exception stack
@moz-extension://25666d08-17e4-48bd-8dc6-b7f06c01497f/katalon/main.js:38:5
Current stack
applySafeWithoutClone@resource://gre/modules/ExtensionCommon.jsm:303:133
wrapPromise/<@resource://gre/modules/ExtensionCommon.jsm:474:13
]]
Extension error: TypeError: response is undefined moz-extension://25666d08-17e4-48bd-8dc6-b7f06c01497f/katalon/main.js 38
[[Exception stack
@moz-extension://25666d08-17e4-48bd-8dc6-b7f06c01497f/katalon/main.js:38:5
Current stack
applySafeWithoutClone@resource://gre/modules/ExtensionCommon.jsm:303:133
wrapPromise/<@resource://gre/modules/ExtensionCommon.jsm:474:13
]]
Extension error: TypeError: response is undefined moz-extension://25666d08-17e4-48bd-8dc6-b7f06c01497f/katalon/main.js 38
[[Exception stack
@moz-extension://25666d08-17e4-48bd-8dc6-b7f06c01497f/katalon/main.js:38:5
Current stack
applySafeWithoutClone@resource://gre/modules/ExtensionCommon.jsm:303:133
wrapPromise/<@resource://gre/modules/ExtensionCommon.jsm:474:13
]]
Extension error: TypeError: response is undefined moz-extension://25666d08-17e4-48bd-8dc6-b7f06c01497f/katalon/main.js 38
[[Exception stack
@moz-extension://25666d08-17e4-48bd-8dc6-b7f06c01497f/katalon/main.js:38:5
Current stack
applySafeWithoutClone@resource://gre/modules/ExtensionCommon.jsm:303:133
wrapPromise/<@resource://gre/modules/ExtensionCommon.jsm:474:13
]]
Extension error: TypeError: response is undefined moz-extension://25666d08-17e4-48bd-8dc6-b7f06c01497f/katalon/main.js 38
[[Exception stack
@moz-extension://25666d08-17e4-48bd-8dc6-b7f06c01497f/katalon/main.js:38:5
Current stack
applySafeWithoutClone@resource://gre/modules/ExtensionCommon.jsm:303:133
wrapPromise/<@resource://gre/modules/ExtensionCommon.jsm:474:13
]]
Extension error: TypeError: response is undefined moz-extension://25666d08-17e4-48bd-8dc6-b7f06c01497f/katalon/main.js 38
[[Exception stack
@moz-extension://25666d08-17e4-48bd-8dc6-b7f06c01497f/katalon/main.js:38:5
Current stack
applySafeWithoutClone@resource://gre/modules/ExtensionCommon.jsm:303:133
wrapPromise/<@resource://gre/modules/ExtensionCommon.jsm:474:13
]]
Extension error: TypeError: response is undefined moz-extension://25666d08-17e4-48bd-8dc6-b7f06c01497f/katalon/main.js 38
[[Exception stack
@moz-extension://25666d08-17e4-48bd-8dc6-b7f06c01497f/katalon/main.js:38:5
Current stack
applySafeWithoutClone@resource://gre/modules/ExtensionCommon.jsm:303:133
wrapPromise/<@resource://gre/modules/ExtensionCommon.jsm:474:13
]]
Extension error: TypeError: response is undefined moz-extension://25666d08-17e4-48bd-8dc6-b7f06c01497f/katalon/main.js 38
[[Exception stack
@moz-extension://25666d08-17e4-48bd-8dc6-b7f06c01497f/katalon/main.js:38:5
Current stack
applySafeWithoutClone@resource://gre/modules/ExtensionCommon.jsm:303:133
wrapPromise/<@resource://gre/modules/ExtensionCommon.jsm:474:13
]]
JavaScript error: moz-extension://25666d08-17e4-48bd-8dc6-b7f06c01497f/panel/js/lib/jquery.tablesorter.min.js, line 3: TypeError: table.config.parsers is undefined
JavaScript error: moz-extension://25666d08-17e4-48bd-8dc6-b7f06c01497f/panel/js/lib/jquery.tablesorter.min.js, line 3: TypeError: table.config.parsers is undefined
tabs.onRemoved event fired after context unloaded.
windows.onFocusChanged event fired after context unloaded.
JavaScript error: chrome://browser/content/tabbrowser.xml, line 2473: TypeError: cannot use 'in' operator to search for 'canGoBack' in 'browser'
JavaScript warning: moz-extension://25666d08-17e4-48bd-8dc6-b7f06c01497f/content/selenium-api.js, line 3181: unreachable code after return statement
JavaScript error: moz-extension://25666d08-17e4-48bd-8dc6-b7f06c01497f/content/jquery.simulate.js, line 331: ReferenceError: jQuery is not defined
JavaScript error: chrome://browser/content/ext-windows.js, line 19: NS_ERROR_NOT_INITIALIZED: Component returned failure code: 0xc1f30001 (NS_ERROR_NOT_INITIALIZED) [nsIMessageSender.sendAsyncMessage]
JavaScript error: resource://gre/modules/ExtensionContent.jsm, line 483: TypeError: Argument 1 of PrecompiledScript.executeInGlobal is not an object.
JavaScript warning: moz-extension://25666d08-17e4-48bd-8dc6-b7f06c01497f/content/utils.js, line 6219: unreachable code after return statement
JavaScript error: resource://gre/modules/ExtensionContent.jsm, line 483: TypeError: Argument 1 of PrecompiledScript.executeInGlobal is not an object.
JavaScript warning: moz-extension://25666d08-17e4-48bd-8dc6-b7f06c01497f/content/utils.js, line 6219: unreachable code after return statement
JavaScript warning: moz-extension://25666d08-17e4-48bd-8dc6-b7f06c01497f/content/selenium-api.js, line 3181: unreachable code after return statement
JavaScript warning: moz-extension://25666d08-17e4-48bd-8dc6-b7f06c01497f/content/selenium-api.js, line 3181: unreachable code after return statement
JavaScript warning: moz-extension://25666d08-17e4-48bd-8dc6-b7f06c01497f/content/utils.js, line 6219: unreachable code after return statement
Extension error: TypeError: response is undefined moz-extension://25666d08-17e4-48bd-8dc6-b7f06c01497f/katalon/main.js 38
[[Exception stack
@moz-extension://25666d08-17e4-48bd-8dc6-b7f06c01497f/katalon/main.js:38:5
Current stack
applySafeWithoutClone@resource://gre/modules/ExtensionCommon.jsm:303:133
wrapPromise/<@resource://gre/modules/ExtensionCommon.jsm:474:13
]]
Extension error: TypeError: response is undefined moz-extension://25666d08-17e4-48bd-8dc6-b7f06c01497f/katalon/main.js 38
[[Exception stack
@moz-extension://25666d08-17e4-48bd-8dc6-b7f06c01497f/katalon/main.js:38:5
Current stack
applySafeWithoutClone@resource://gre/modules/ExtensionCommon.jsm:303:133
wrapPromise/<@resource://gre/modules/ExtensionCommon.jsm:474:13
]]
Extension error: TypeError: response is undefined moz-extension://25666d08-17e4-48bd-8dc6-b7f06c01497f/katalon/main.js 38
[[Exception stack
@moz-extension://25666d08-17e4-48bd-8dc6-b7f06c01497f/katalon/main.js:38:5
Current stack
applySafeWithoutClone@resource://gre/modules/ExtensionCommon.jsm:303:133
wrapPromise/<@resource://gre/modules/ExtensionCommon.jsm:474:13
]]
JavaScript error: resource://devtools/shared/base-loader.js -> resource://devtools/server/actors/tab.js, line 1420: TypeError: this._tabPool is null
JavaScript error: resource://devtools/shared/base-loader.js -> resource://devtools/server/actors/tab.js, line 1420: TypeError: this._tabPool is null
JavaScript error: resource://devtools/shared/base-loader.js -> resource://devtools/server/actors/tab.js, line 1420: TypeError: this._tabPool is null
Extension error: TypeError: response is undefined moz-extension://25666d08-17e4-48bd-8dc6-b7f06c01497f/katalon/main.js 38
[[Exception stack
@moz-extension://25666d08-17e4-48bd-8dc6-b7f06c01497f/katalon/main.js:38:5
Current stack
applySafeWithoutClone@resource://gre/modules/ExtensionCommon.jsm:303:133
wrapPromise/<@resource://gre/modules/ExtensionCommon.jsm:474:13
]]
Extension error: TypeError: response is undefined moz-extension://25666d08-17e4-48bd-8dc6-b7f06c01497f/katalon/main.js 38
[[Exception stack
@moz-extension://25666d08-17e4-48bd-8dc6-b7f06c01497f/katalon/main.js:38:5
Current stack
applySafeWithoutClone@resource://gre/modules/ExtensionCommon.jsm:303:133
wrapPromise/<@resource://gre/modules/ExtensionCommon.jsm:474:13
]]
Extension error: TypeError: response is undefined moz-extension://25666d08-17e4-48bd-8dc6-b7f06c01497f/katalon/main.js 38
[[Exception stack
@moz-extension://25666d08-17e4-48bd-8dc6-b7f06c01497f/katalon/main.js:38:5
Current stack
applySafeWithoutClone@resource://gre/modules/ExtensionCommon.jsm:303:133
wrapPromise/<@resource://gre/modules/ExtensionCommon.jsm:474:13
]]
JavaScript error: resource://devtools/shared/base-loader.js -> resource://devtools/server/actors/tab.js, line 1420: TypeError: this._tabPool is null
IPDL protocol error: Handler returned error code!

###!!! [Parent][DispatchAsyncMessage] Error: PLayerTransaction::Msg_ReleaseLayer Processing error: message was deserialized, but the handler returned false (indicating failure)

IPDL protocol error: Handler returned error code!

###!!! [Parent][DispatchAsyncMessage] Error: PLayerTransaction::Msg_ReleaseLayer Processing error: message was deserialized, but the handler returned false (indicating failure)

IPDL protocol error: Handler returned error code!

###!!! [Parent][DispatchAsyncMessage] Error: PLayerTransaction::Msg_ReleaseLayer Processing error: message was deserialized, but the handler returned false (indicating failure)

[Child 10680, Chrome_ChildThread] WARNING: pipe error: 109: file z:/build/build/src/ipc/chromium/src/chrome/common/ipc_channel_win.cc, line 346
